<?xml version="1.0" encoding="UTF-8"?>
<!-- Generated by org.testng.reporters.JUnitXMLReporter -->
<testsuite hostname="DCC-PC" ignored="0" name="Default test(failed)" tests="2" failures="2" timestamp="2021-12-03T11:09:32 IST" time="0.157" errors="0">
  <testcase name="softAssert" time="0.027" classname="TestNg.Assert1">
    <failure type="java.lang.AssertionError" message="The following asserts failed:
	expected [true] but found [false]">
      <![CDATA[java.lang.AssertionError: The following asserts failed:
expected [true] but found [false]
at TestNg.Assert1.softAssert(Assert1.java:17)
at java.util.ArrayList.forEach(Unknown Source)
... Removed 29 stack frames]]>
    </failure>
  </testcase> <!-- softAssert -->
  <testcase name="hardAssert" time="0.006" classname="TestNg.Assert1">
    <failure type="java.lang.AssertionError" message="expected [true] but found [false]">
      <![CDATA[java.lang.AssertionError: expected [true] but found [false]
at TestNg.Assert1.hardAssert(Assert1.java:22)
at java.util.ArrayList.forEach(Unknown Source)
... Removed 31 stack frames]]>
    </failure>
  </testcase> <!-- hardAssert -->
</testsuite> <!-- Default test(failed) -->
